Socket t5-Fu2IAAev3OuqHAAAB joined channel_7
Socket t5-Fu2IAAev3OuqHAAAB joined channel_2
Socket t5-Fu2IAAev3OuqHAAAB joined channel_1
Socket t5-Fu2IAAev3OuqHAAAB joined channel_7
Socket t5-Fu2IAAev3OuqHAAAB joined channel_2
Socket t5-Fu2IAAev3OuqHAAAB joined channel_1
Socket t5-Fu2IAAev3OuqHAAAB joined channel_7
Socket t5-Fu2IAAev3OuqHAAAB joined channel_2
Socket t5-Fu2IAAev3OuqHAAAB joined channel_1
Socket t7NYin0CXjm3cerbAAAD joined channel_8
Socket t7NYin0CXjm3cerbAAAD joined channel_7
Socket t7NYin0CXjm3cerbAAAD joined channel_2
Socket t7NYin0CXjm3cerbAAAD joined channel_1
Socket t5-Fu2IAAev3OuqHAAAB joined channel_7
Socket t5-Fu2IAAev3OuqHAAAB joined channel_2
Socket t5-Fu2IAAev3OuqHAAAB joined channel_1
Socket t5-Fu2IAAev3OuqHAAAB joined channel_7
Socket t5-Fu2IAAev3OuqHAAAB joined channel_2
Socket t5-Fu2IAAev3OuqHAAAB joined channel_1
Socket t7NYin0CXjm3cerbAAAD joined channel_8
Socket t7NYin0CXjm3cerbAAAD joined channel_7
Socket t7NYin0CXjm3cerbAAAD joined channel_2
Socket t7NYin0CXjm3cerbAAAD joined channel_1
Socket t7NYin0CXjm3cerbAAAD joined channel_8
Socket t7NYin0CXjm3cerbAAAD joined channel_7
Socket t7NYin0CXjm3cerbAAAD joined channel_2
Socket t7NYin0CXjm3cerbAAAD joined channel_1
Socket 0lZRmgEgc56e8eUXAAAB joined channel_8
Socket 0lZRmgEgc56e8eUXAAAB joined channel_7
Socket 0lZRmgEgc56e8eUXAAAB joined channel_2
Socket 0lZRmgEgc56e8eUXAAAB joined channel_1
Socket q8YgDI_sRY3Sg4StAAAD joined channel_7
Socket q8YgDI_sRY3Sg4StAAAD joined channel_2
Socket q8YgDI_sRY3Sg4StAAAD joined channel_1
Socket q8YgDI_sRY3Sg4StAAAD joined channel_7
Socket q8YgDI_sRY3Sg4StAAAD joined channel_2
Socket q8YgDI_sRY3Sg4StAAAD joined channel_1
Socket 0lZRmgEgc56e8eUXAAAB joined channel_8
Socket 0lZRmgEgc56e8eUXAAAB joined channel_7
Socket 0lZRmgEgc56e8eUXAAAB joined channel_2
Socket 0lZRmgEgc56e8eUXAAAB joined channel_1
Socket oOhuruoL0Rej_1tEAAAF joined channel_8
Socket oOhuruoL0Rej_1tEAAAF joined channel_7
Socket oOhuruoL0Rej_1tEAAAF joined channel_2
Socket oOhuruoL0Rej_1tEAAAF joined channel_1
Socket oOhuruoL0Rej_1tEAAAF joined channel_8
Socket oOhuruoL0Rej_1tEAAAF joined channel_7
Socket oOhuruoL0Rej_1tEAAAF joined channel_2
Socket oOhuruoL0Rej_1tEAAAF joined channel_1
Socket bObrOvLmX-ghoyIRAAAH joined channel_8
Socket bObrOvLmX-ghoyIRAAAH joined channel_7
Socket bObrOvLmX-ghoyIRAAAH joined channel_2
Socket bObrOvLmX-ghoyIRAAAH joined channel_1
Socket h2ZmfesVnZqHynedAAAB joined channel_8
Socket h2ZmfesVnZqHynedAAAB joined channel_7
Socket h2ZmfesVnZqHynedAAAB joined channel_2
Socket h2ZmfesVnZqHynedAAAB joined channel_1
Socket EjeXyTNPBzng-TjFAAAD joined channel_8
Socket EjeXyTNPBzng-TjFAAAD joined channel_7
Socket EjeXyTNPBzng-TjFAAAD joined channel_2
Socket EjeXyTNPBzng-TjFAAAD joined channel_1
Socket wNE-fBgofKZKLQxbAAAB joined channel_8
Socket wNE-fBgofKZKLQxbAAAB joined channel_7
Socket wNE-fBgofKZKLQxbAAAB joined channel_2
Socket wNE-fBgofKZKLQxbAAAB joined channel_1
Socket HmhUtKhXSMXwQy0MAAAD joined channel_8
Socket HmhUtKhXSMXwQy0MAAAD joined channel_7
Socket HmhUtKhXSMXwQy0MAAAD joined channel_2
Socket HmhUtKhXSMXwQy0MAAAD joined channel_1
Socket A_mY4OpZL5ZjBWhzAAAB joined channel_8
Socket A_mY4OpZL5ZjBWhzAAAB joined channel_7
Socket A_mY4OpZL5ZjBWhzAAAB joined channel_2
Socket A_mY4OpZL5ZjBWhzAAAB joined channel_1
Socket PBFDYyB1w_hvMXEhAAAD joined channel_8
Socket PBFDYyB1w_hvMXEhAAAD joined channel_7
Socket PBFDYyB1w_hvMXEhAAAD joined channel_2
Socket PBFDYyB1w_hvMXEhAAAD joined channel_1
Socket 9IvUUlTgfCys-RuXAAAF joined channel_8
Socket 9IvUUlTgfCys-RuXAAAF joined channel_7
Socket 9IvUUlTgfCys-RuXAAAF joined channel_2
Socket 9IvUUlTgfCys-RuXAAAF joined channel_1
Socket Ts06UnzGK0Vqn1_YAAAH joined channel_8
Socket Ts06UnzGK0Vqn1_YAAAH joined channel_7
Socket Ts06UnzGK0Vqn1_YAAAH joined channel_2
Socket Ts06UnzGK0Vqn1_YAAAH joined channel_1
Socket 3uGMDOZu9EiQZ0ZkAAAB joined channel_8
Socket 3uGMDOZu9EiQZ0ZkAAAB joined channel_7
Socket 3uGMDOZu9EiQZ0ZkAAAB joined channel_2
Socket 3uGMDOZu9EiQZ0ZkAAAB joined channel_1
Socket 7KRWOv14-QRdzmkpAAAD joined channel_8
Socket 7KRWOv14-QRdzmkpAAAD joined channel_7
Socket 7KRWOv14-QRdzmkpAAAD joined channel_2
Socket 7KRWOv14-QRdzmkpAAAD joined channel_1
Socket jhfW_OEM3rHlkcyuAAAB joined channel_8
Socket jhfW_OEM3rHlkcyuAAAB joined channel_7
Socket jhfW_OEM3rHlkcyuAAAB joined channel_2
Socket jhfW_OEM3rHlkcyuAAAB joined channel_1
Socket vkpUC-5LTkR-VzIHAAAD joined channel_8
Socket vkpUC-5LTkR-VzIHAAAD joined channel_7
Socket vkpUC-5LTkR-VzIHAAAD joined channel_2
Socket vkpUC-5LTkR-VzIHAAAD joined channel_1
Socket jhfW_OEM3rHlkcyuAAAB joined channel_8
Socket jhfW_OEM3rHlkcyuAAAB joined channel_7
Socket jhfW_OEM3rHlkcyuAAAB joined channel_2
Socket jhfW_OEM3rHlkcyuAAAB joined channel_1
Socket jhfW_OEM3rHlkcyuAAAB joined channel_8
Socket vkpUC-5LTkR-VzIHAAAD joined channel_8
Socket vkpUC-5LTkR-VzIHAAAD joined channel_7
Socket vkpUC-5LTkR-VzIHAAAD joined channel_2
Socket vkpUC-5LTkR-VzIHAAAD joined channel_1
Socket vkpUC-5LTkR-VzIHAAAD joined channel_8
Socket vkpUC-5LTkR-VzIHAAAD joined channel_7
Socket vkpUC-5LTkR-VzIHAAAD joined channel_2
Socket vkpUC-5LTkR-VzIHAAAD joined channel_1
Socket jhfW_OEM3rHlkcyuAAAB joined channel_7
Socket jhfW_OEM3rHlkcyuAAAB joined channel_2
Socket jhfW_OEM3rHlkcyuAAAB joined channel_1
Socket jhfW_OEM3rHlkcyuAAAB joined channel_8
Socket jhfW_OEM3rHlkcyuAAAB joined channel_7
Socket jhfW_OEM3rHlkcyuAAAB joined channel_2
Socket jhfW_OEM3rHlkcyuAAAB joined channel_1
Socket vkpUC-5LTkR-VzIHAAAD joined channel_8
Socket vkpUC-5LTkR-VzIHAAAD joined channel_7
Socket vkpUC-5LTkR-VzIHAAAD joined channel_2
Socket vkpUC-5LTkR-VzIHAAAD joined channel_1
Socket jhfW_OEM3rHlkcyuAAAB joined channel_8
Socket jhfW_OEM3rHlkcyuAAAB joined channel_7
Socket jhfW_OEM3rHlkcyuAAAB joined channel_2
Socket jhfW_OEM3rHlkcyuAAAB joined channel_1
Socket jhfW_OEM3rHlkcyuAAAB joined channel_8
Socket jhfW_OEM3rHlkcyuAAAB joined channel_7
Socket jhfW_OEM3rHlkcyuAAAB joined channel_2
Socket jhfW_OEM3rHlkcyuAAAB joined channel_1
Socket vkpUC-5LTkR-VzIHAAAD joined channel_8
Socket vkpUC-5LTkR-VzIHAAAD joined channel_7
Socket vkpUC-5LTkR-VzIHAAAD joined channel_2
Socket vkpUC-5LTkR-VzIHAAAD joined channel_1
Socket vkpUC-5LTkR-VzIHAAAD joined channel_8
Socket vkpUC-5LTkR-VzIHAAAD joined channel_7
Socket vkpUC-5LTkR-VzIHAAAD joined channel_2
Socket vkpUC-5LTkR-VzIHAAAD joined channel_1
Socket jhfW_OEM3rHlkcyuAAAB joined channel_8
Socket jhfW_OEM3rHlkcyuAAAB joined channel_7
Socket jhfW_OEM3rHlkcyuAAAB joined channel_2
Socket jhfW_OEM3rHlkcyuAAAB joined channel_1
Socket jhfW_OEM3rHlkcyuAAAB joined channel_8
Socket jhfW_OEM3rHlkcyuAAAB joined channel_7
Socket jhfW_OEM3rHlkcyuAAAB joined channel_2
Socket jhfW_OEM3rHlkcyuAAAB joined channel_1
Socket vkpUC-5LTkR-VzIHAAAD joined channel_8
Socket vkpUC-5LTkR-VzIHAAAD joined channel_7
Socket vkpUC-5LTkR-VzIHAAAD joined channel_2
Socket vkpUC-5LTkR-VzIHAAAD joined channel_1
Socket vkpUC-5LTkR-VzIHAAAD joined channel_8
Socket vkpUC-5LTkR-VzIHAAAD joined channel_7
Socket vkpUC-5LTkR-VzIHAAAD joined channel_2
Socket vkpUC-5LTkR-VzIHAAAD joined channel_1
Socket jhfW_OEM3rHlkcyuAAAB joined channel_8
Socket jhfW_OEM3rHlkcyuAAAB joined channel_7
Socket jhfW_OEM3rHlkcyuAAAB joined channel_2
Socket jhfW_OEM3rHlkcyuAAAB joined channel_1
Socket vkpUC-5LTkR-VzIHAAAD joined channel_8
Socket jhfW_OEM3rHlkcyuAAAB joined channel_8
Socket jhfW_OEM3rHlkcyuAAAB joined channel_7
Socket jhfW_OEM3rHlkcyuAAAB joined channel_2
Socket jhfW_OEM3rHlkcyuAAAB joined channel_1
Socket vkpUC-5LTkR-VzIHAAAD joined channel_7
Socket vkpUC-5LTkR-VzIHAAAD joined channel_2
Socket vkpUC-5LTkR-VzIHAAAD joined channel_1
Socket jhfW_OEM3rHlkcyuAAAB joined channel_8
Socket jhfW_OEM3rHlkcyuAAAB joined channel_7
Socket jhfW_OEM3rHlkcyuAAAB joined channel_2
Socket jhfW_OEM3rHlkcyuAAAB joined channel_1
Socket vkpUC-5LTkR-VzIHAAAD joined channel_8
Socket vkpUC-5LTkR-VzIHAAAD joined channel_7
Socket vkpUC-5LTkR-VzIHAAAD joined channel_2
Socket vkpUC-5LTkR-VzIHAAAD joined channel_1
Socket vkpUC-5LTkR-VzIHAAAD joined channel_8
Socket vkpUC-5LTkR-VzIHAAAD joined channel_7
Socket vkpUC-5LTkR-VzIHAAAD joined channel_2
Socket vkpUC-5LTkR-VzIHAAAD joined channel_1
Socket vkpUC-5LTkR-VzIHAAAD joined channel_8
Socket jhfW_OEM3rHlkcyuAAAB joined channel_8
Socket vkpUC-5LTkR-VzIHAAAD joined channel_7
Socket vkpUC-5LTkR-VzIHAAAD joined channel_2
Socket vkpUC-5LTkR-VzIHAAAD joined channel_1
Socket vkpUC-5LTkR-VzIHAAAD joined channel_8
Socket vkpUC-5LTkR-VzIHAAAD joined channel_7
Socket vkpUC-5LTkR-VzIHAAAD joined channel_2
Socket vkpUC-5LTkR-VzIHAAAD joined channel_1
Socket jhfW_OEM3rHlkcyuAAAB joined channel_7
Socket jhfW_OEM3rHlkcyuAAAB joined channel_2
Socket jhfW_OEM3rHlkcyuAAAB joined channel_1
Socket jhfW_OEM3rHlkcyuAAAB joined channel_8
Socket jhfW_OEM3rHlkcyuAAAB joined channel_7
Socket jhfW_OEM3rHlkcyuAAAB joined channel_2
Socket jhfW_OEM3rHlkcyuAAAB joined channel_1
Socket yn0wZU5D67Ty7OV1AAAF joined channel_8
Socket yn0wZU5D67Ty7OV1AAAF joined channel_7
Socket yn0wZU5D67Ty7OV1AAAF joined channel_2
Socket yn0wZU5D67Ty7OV1AAAF joined channel_1
Socket X5qy2Zs50jpassN2AAAB joined channel_8
Socket X5qy2Zs50jpassN2AAAB joined channel_7
Socket X5qy2Zs50jpassN2AAAB joined channel_2
Socket X5qy2Zs50jpassN2AAAB joined channel_1
Socket 1ZjrfRdqyDJ8VQSFAAAH joined channel_8
Socket 1ZjrfRdqyDJ8VQSFAAAH joined channel_7
Socket 1ZjrfRdqyDJ8VQSFAAAH joined channel_2
Socket 1ZjrfRdqyDJ8VQSFAAAH joined channel_1
Socket ajOwKyfmPmohIu48AAAJ joined channel_8
Socket ajOwKyfmPmohIu48AAAJ joined channel_7
Socket ajOwKyfmPmohIu48AAAJ joined channel_2
Socket ajOwKyfmPmohIu48AAAJ joined channel_1
Socket ajOwKyfmPmohIu48AAAJ joined channel_8
Socket ajOwKyfmPmohIu48AAAJ joined channel_7
Socket ajOwKyfmPmohIu48AAAJ joined channel_2
Socket ajOwKyfmPmohIu48AAAJ joined channel_1
Socket ajOwKyfmPmohIu48AAAJ joined channel_8
Socket ajOwKyfmPmohIu48AAAJ joined channel_7
Socket ajOwKyfmPmohIu48AAAJ joined channel_2
Socket ajOwKyfmPmohIu48AAAJ joined channel_1
Socket 1ZjrfRdqyDJ8VQSFAAAH joined channel_8
Socket 1ZjrfRdqyDJ8VQSFAAAH joined channel_7
Socket 1ZjrfRdqyDJ8VQSFAAAH joined channel_2
Socket 1ZjrfRdqyDJ8VQSFAAAH joined channel_1
Socket ajOwKyfmPmohIu48AAAJ joined channel_8
Socket ajOwKyfmPmohIu48AAAJ joined channel_7
Socket ajOwKyfmPmohIu48AAAJ joined channel_2
Socket ajOwKyfmPmohIu48AAAJ joined channel_1
Socket ajOwKyfmPmohIu48AAAJ joined channel_8
Socket ajOwKyfmPmohIu48AAAJ joined channel_7
Socket ajOwKyfmPmohIu48AAAJ joined channel_2
Socket ajOwKyfmPmohIu48AAAJ joined channel_1
Socket ajOwKyfmPmohIu48AAAJ joined channel_8
Socket ajOwKyfmPmohIu48AAAJ joined channel_7
Socket ajOwKyfmPmohIu48AAAJ joined channel_2
Socket ajOwKyfmPmohIu48AAAJ joined channel_1
Socket ajOwKyfmPmohIu48AAAJ joined channel_8
Socket ajOwKyfmPmohIu48AAAJ joined channel_7
Socket ajOwKyfmPmohIu48AAAJ joined channel_2
Socket ajOwKyfmPmohIu48AAAJ joined channel_1
Socket ajOwKyfmPmohIu48AAAJ joined channel_8
Socket ajOwKyfmPmohIu48AAAJ joined channel_7
Socket ajOwKyfmPmohIu48AAAJ joined channel_2
Socket ajOwKyfmPmohIu48AAAJ joined channel_1
Socket Ib4VRWS8ynFIb6WyAAAB joined channel_8
Socket Ib4VRWS8ynFIb6WyAAAB joined channel_7
Socket Ib4VRWS8ynFIb6WyAAAB joined channel_2
Socket Ib4VRWS8ynFIb6WyAAAB joined channel_1
Socket V0jMYDT76tOYZPAZAAAD joined channel_8
Socket V0jMYDT76tOYZPAZAAAD joined channel_7
Socket V0jMYDT76tOYZPAZAAAD joined channel_2
Socket V0jMYDT76tOYZPAZAAAD joined channel_1
Socket 7nx6Gg14itRT5K_0AAAB joined channel_8
Socket 7nx6Gg14itRT5K_0AAAB joined channel_7
Socket 7nx6Gg14itRT5K_0AAAB joined channel_2
Socket 7nx6Gg14itRT5K_0AAAB joined channel_1
Socket l91Hl3A_uLdiUwlXAAAD joined channel_8
Socket l91Hl3A_uLdiUwlXAAAD joined channel_7
Socket l91Hl3A_uLdiUwlXAAAD joined channel_2
Socket l91Hl3A_uLdiUwlXAAAD joined channel_1
Socket uAGJEMvzoljvSll_AAAF joined channel_8
Socket uAGJEMvzoljvSll_AAAF joined channel_7
Socket uAGJEMvzoljvSll_AAAF joined channel_2
Socket uAGJEMvzoljvSll_AAAF joined channel_1
Socket xuosrfuupLl9DPE6AAAJ joined channel_8
Socket xuosrfuupLl9DPE6AAAJ joined channel_7
Socket xuosrfuupLl9DPE6AAAJ joined channel_2
Socket xuosrfuupLl9DPE6AAAJ joined channel_1
Socket xuosrfuupLl9DPE6AAAJ joined channel_8
Socket xuosrfuupLl9DPE6AAAJ joined channel_7
Socket xuosrfuupLl9DPE6AAAJ joined channel_2
Socket xuosrfuupLl9DPE6AAAJ joined channel_1
Socket xuosrfuupLl9DPE6AAAJ joined channel_8
Socket xuosrfuupLl9DPE6AAAJ joined channel_7
Socket xuosrfuupLl9DPE6AAAJ joined channel_2
Socket xuosrfuupLl9DPE6AAAJ joined channel_1
Socket uAGJEMvzoljvSll_AAAF joined channel_8
Socket uAGJEMvzoljvSll_AAAF joined channel_7
Socket uAGJEMvzoljvSll_AAAF joined channel_2
Socket uAGJEMvzoljvSll_AAAF joined channel_1
Socket uAGJEMvzoljvSll_AAAF joined channel_8
Socket uAGJEMvzoljvSll_AAAF joined channel_7
Socket uAGJEMvzoljvSll_AAAF joined channel_2
Socket uAGJEMvzoljvSll_AAAF joined channel_1
Socket xuosrfuupLl9DPE6AAAJ joined channel_8
Socket xuosrfuupLl9DPE6AAAJ joined channel_7
Socket xuosrfuupLl9DPE6AAAJ joined channel_2
Socket xuosrfuupLl9DPE6AAAJ joined channel_1
Socket xuosrfuupLl9DPE6AAAJ joined channel_8
Socket xuosrfuupLl9DPE6AAAJ joined channel_7
Socket xuosrfuupLl9DPE6AAAJ joined channel_2
Socket xuosrfuupLl9DPE6AAAJ joined channel_1
Socket xuosrfuupLl9DPE6AAAJ joined channel_8
Socket xuosrfuupLl9DPE6AAAJ joined channel_7
Socket xuosrfuupLl9DPE6AAAJ joined channel_2
Socket xuosrfuupLl9DPE6AAAJ joined channel_1
Socket xuosrfuupLl9DPE6AAAJ joined channel_8
Socket xuosrfuupLl9DPE6AAAJ joined channel_7
Socket xuosrfuupLl9DPE6AAAJ joined channel_2
Socket xuosrfuupLl9DPE6AAAJ joined channel_1
Socket xuosrfuupLl9DPE6AAAJ joined channel_8
Socket xuosrfuupLl9DPE6AAAJ joined channel_7
Socket xuosrfuupLl9DPE6AAAJ joined channel_2
Socket xuosrfuupLl9DPE6AAAJ joined channel_1
Socket c75PXgKv6gt7jZO8AAAL joined channel_8
Socket c75PXgKv6gt7jZO8AAAL joined channel_7
Socket c75PXgKv6gt7jZO8AAAL joined channel_2
Socket c75PXgKv6gt7jZO8AAAL joined channel_1
Socket c75PXgKv6gt7jZO8AAAL joined channel_8
Socket c75PXgKv6gt7jZO8AAAL joined channel_7
Socket c75PXgKv6gt7jZO8AAAL joined channel_2
Socket c75PXgKv6gt7jZO8AAAL joined channel_1
Socket c75PXgKv6gt7jZO8AAAL joined channel_8
Socket c75PXgKv6gt7jZO8AAAL joined channel_7
Socket c75PXgKv6gt7jZO8AAAL joined channel_2
Socket c75PXgKv6gt7jZO8AAAL joined channel_1
Socket uAGJEMvzoljvSll_AAAF joined channel_8
Socket uAGJEMvzoljvSll_AAAF joined channel_7
Socket uAGJEMvzoljvSll_AAAF joined channel_2
Socket uAGJEMvzoljvSll_AAAF joined channel_1
Socket uAGJEMvzoljvSll_AAAF joined channel_8
Socket uAGJEMvzoljvSll_AAAF joined channel_7
Socket uAGJEMvzoljvSll_AAAF joined channel_2
Socket uAGJEMvzoljvSll_AAAF joined channel_1
Socket c75PXgKv6gt7jZO8AAAL joined channel_8
Socket c75PXgKv6gt7jZO8AAAL joined channel_7
Socket c75PXgKv6gt7jZO8AAAL joined channel_2
Socket c75PXgKv6gt7jZO8AAAL joined channel_1
Socket c75PXgKv6gt7jZO8AAAL joined channel_8
Socket c75PXgKv6gt7jZO8AAAL joined channel_7
Socket c75PXgKv6gt7jZO8AAAL joined channel_2
Socket c75PXgKv6gt7jZO8AAAL joined channel_1
Socket uAGJEMvzoljvSll_AAAF joined channel_8
Socket uAGJEMvzoljvSll_AAAF joined channel_7
Socket uAGJEMvzoljvSll_AAAF joined channel_2
Socket uAGJEMvzoljvSll_AAAF joined channel_1
Socket uAGJEMvzoljvSll_AAAF joined channel_8
Socket uAGJEMvzoljvSll_AAAF joined channel_7
Socket uAGJEMvzoljvSll_AAAF joined channel_2
Socket uAGJEMvzoljvSll_AAAF joined channel_1
Socket c75PXgKv6gt7jZO8AAAL joined channel_8
Socket c75PXgKv6gt7jZO8AAAL joined channel_7
Socket c75PXgKv6gt7jZO8AAAL joined channel_2
Socket c75PXgKv6gt7jZO8AAAL joined channel_1
Socket c75PXgKv6gt7jZO8AAAL joined channel_8
Socket c75PXgKv6gt7jZO8AAAL joined channel_7
Socket c75PXgKv6gt7jZO8AAAL joined channel_2
Socket c75PXgKv6gt7jZO8AAAL joined channel_1
Socket uAGJEMvzoljvSll_AAAF joined channel_8
Socket uAGJEMvzoljvSll_AAAF joined channel_7
Socket uAGJEMvzoljvSll_AAAF joined channel_2
Socket uAGJEMvzoljvSll_AAAF joined channel_1
Socket uAGJEMvzoljvSll_AAAF joined channel_8
Socket uAGJEMvzoljvSll_AAAF joined channel_7
Socket uAGJEMvzoljvSll_AAAF joined channel_2
Socket uAGJEMvzoljvSll_AAAF joined channel_1
Socket c75PXgKv6gt7jZO8AAAL joined channel_8
Socket c75PXgKv6gt7jZO8AAAL joined channel_7
Socket c75PXgKv6gt7jZO8AAAL joined channel_2
Socket c75PXgKv6gt7jZO8AAAL joined channel_1
Socket c75PXgKv6gt7jZO8AAAL joined channel_8
Socket c75PXgKv6gt7jZO8AAAL joined channel_7
Socket c75PXgKv6gt7jZO8AAAL joined channel_2
Socket c75PXgKv6gt7jZO8AAAL joined channel_1
Socket c75PXgKv6gt7jZO8AAAL joined channel_8
Socket c75PXgKv6gt7jZO8AAAL joined channel_7
Socket c75PXgKv6gt7jZO8AAAL joined channel_2
Socket c75PXgKv6gt7jZO8AAAL joined channel_1
Socket 2Jyyl9y4DprVMLjoAAAN joined channel_8
Socket 2Jyyl9y4DprVMLjoAAAN joined channel_7
Socket 2Jyyl9y4DprVMLjoAAAN joined channel_2
Socket 2Jyyl9y4DprVMLjoAAAN joined channel_1
Socket 2Jyyl9y4DprVMLjoAAAN joined channel_8
Socket 2Jyyl9y4DprVMLjoAAAN joined channel_7
Socket 2Jyyl9y4DprVMLjoAAAN joined channel_2
Socket 2Jyyl9y4DprVMLjoAAAN joined channel_1
Socket 2Jyyl9y4DprVMLjoAAAN joined channel_8
Socket 2Jyyl9y4DprVMLjoAAAN joined channel_7
Socket 2Jyyl9y4DprVMLjoAAAN joined channel_2
Socket 2Jyyl9y4DprVMLjoAAAN joined channel_1
Socket 2Jyyl9y4DprVMLjoAAAN joined channel_8
Socket 2Jyyl9y4DprVMLjoAAAN joined channel_7
Socket 2Jyyl9y4DprVMLjoAAAN joined channel_2
Socket 2Jyyl9y4DprVMLjoAAAN joined channel_1
Socket 2Jyyl9y4DprVMLjoAAAN joined channel_8
Socket 2Jyyl9y4DprVMLjoAAAN joined channel_7
Socket 2Jyyl9y4DprVMLjoAAAN joined channel_2
Socket 2Jyyl9y4DprVMLjoAAAN joined channel_1
Socket uAGJEMvzoljvSll_AAAF joined channel_8
Socket uAGJEMvzoljvSll_AAAF joined channel_7
Socket uAGJEMvzoljvSll_AAAF joined channel_2
Socket uAGJEMvzoljvSll_AAAF joined channel_1
Socket uAGJEMvzoljvSll_AAAF joined channel_8
Socket uAGJEMvzoljvSll_AAAF joined channel_7
Socket uAGJEMvzoljvSll_AAAF joined channel_2
Socket uAGJEMvzoljvSll_AAAF joined channel_1
Socket 2Jyyl9y4DprVMLjoAAAN joined channel_8
Socket 2Jyyl9y4DprVMLjoAAAN joined channel_7
Socket 2Jyyl9y4DprVMLjoAAAN joined channel_2
Socket 2Jyyl9y4DprVMLjoAAAN joined channel_1
Socket 2Jyyl9y4DprVMLjoAAAN joined channel_8
Socket 2Jyyl9y4DprVMLjoAAAN joined channel_7
Socket 2Jyyl9y4DprVMLjoAAAN joined channel_2
Socket 2Jyyl9y4DprVMLjoAAAN joined channel_1
Socket 7Mdi7rAzp9CfGRuMAAAB joined channel_8
Socket 7Mdi7rAzp9CfGRuMAAAB joined channel_7
Socket 7Mdi7rAzp9CfGRuMAAAB joined channel_2
Socket 7Mdi7rAzp9CfGRuMAAAB joined channel_1
Socket nB9puKH3AlkSAlG9AAAD joined channel_8
Socket nB9puKH3AlkSAlG9AAAD joined channel_7
Socket nB9puKH3AlkSAlG9AAAD joined channel_2
Socket nB9puKH3AlkSAlG9AAAD joined channel_1
Socket 12ix0zy9uyauIsPVAAAB joined channel_8
Socket 12ix0zy9uyauIsPVAAAB joined channel_7
Socket 12ix0zy9uyauIsPVAAAB joined channel_2
Socket 12ix0zy9uyauIsPVAAAB joined channel_1
Socket JIShtrKszQdZ2F6nAAAD joined channel_8
Socket JIShtrKszQdZ2F6nAAAD joined channel_7
Socket JIShtrKszQdZ2F6nAAAD joined channel_2
Socket JIShtrKszQdZ2F6nAAAD joined channel_1
Socket JIShtrKszQdZ2F6nAAAD joined channel_8
Socket JIShtrKszQdZ2F6nAAAD joined channel_7
Socket JIShtrKszQdZ2F6nAAAD joined channel_2
Socket JIShtrKszQdZ2F6nAAAD joined channel_1
Socket JIShtrKszQdZ2F6nAAAD joined channel_8
Socket JIShtrKszQdZ2F6nAAAD joined channel_7
Socket JIShtrKszQdZ2F6nAAAD joined channel_2
Socket JIShtrKszQdZ2F6nAAAD joined channel_1
Socket oBbnnRgRKzncITTWAAAB joined channel_8
Socket oBbnnRgRKzncITTWAAAB joined channel_7
Socket oBbnnRgRKzncITTWAAAB joined channel_2
Socket oBbnnRgRKzncITTWAAAB joined channel_1
Socket sxs10za5jngI0YZbAAAD joined channel_8
Socket sxs10za5jngI0YZbAAAD joined channel_7
Socket sxs10za5jngI0YZbAAAD joined channel_2
Socket sxs10za5jngI0YZbAAAD joined channel_1
Socket wxTuZuWDXAmXZapTAAAF joined channel_8
Socket wxTuZuWDXAmXZapTAAAF joined channel_7
Socket wxTuZuWDXAmXZapTAAAF joined channel_2
Socket wxTuZuWDXAmXZapTAAAF joined channel_1
Socket wxTuZuWDXAmXZapTAAAF joined channel_8
Socket wxTuZuWDXAmXZapTAAAF joined channel_7
Socket wxTuZuWDXAmXZapTAAAF joined channel_2
Socket wxTuZuWDXAmXZapTAAAF joined channel_1
Socket wxTuZuWDXAmXZapTAAAF joined channel_8
Socket wxTuZuWDXAmXZapTAAAF joined channel_7
Socket wxTuZuWDXAmXZapTAAAF joined channel_2
Socket wxTuZuWDXAmXZapTAAAF joined channel_1
Socket sxs10za5jngI0YZbAAAD joined channel_8
Socket sxs10za5jngI0YZbAAAD joined channel_7
Socket sxs10za5jngI0YZbAAAD joined channel_2
Socket sxs10za5jngI0YZbAAAD joined channel_1
Socket sxs10za5jngI0YZbAAAD joined channel_8
Socket sxs10za5jngI0YZbAAAD joined channel_7
Socket sxs10za5jngI0YZbAAAD joined channel_2
Socket sxs10za5jngI0YZbAAAD joined channel_1
Socket wxTuZuWDXAmXZapTAAAF joined channel_8
Socket wxTuZuWDXAmXZapTAAAF joined channel_7
Socket wxTuZuWDXAmXZapTAAAF joined channel_2
Socket wxTuZuWDXAmXZapTAAAF joined channel_1
Socket wxTuZuWDXAmXZapTAAAF joined channel_8
Socket wxTuZuWDXAmXZapTAAAF joined channel_7
Socket wxTuZuWDXAmXZapTAAAF joined channel_2
Socket wxTuZuWDXAmXZapTAAAF joined channel_1
Socket wxTuZuWDXAmXZapTAAAF joined channel_8
Socket wxTuZuWDXAmXZapTAAAF joined channel_7
Socket wxTuZuWDXAmXZapTAAAF joined channel_2
Socket wxTuZuWDXAmXZapTAAAF joined channel_1
Socket wxTuZuWDXAmXZapTAAAF joined channel_8
Socket wxTuZuWDXAmXZapTAAAF joined channel_7
Socket wxTuZuWDXAmXZapTAAAF joined channel_2
Socket wxTuZuWDXAmXZapTAAAF joined channel_1
Socket wxTuZuWDXAmXZapTAAAF joined channel_8
Socket wxTuZuWDXAmXZapTAAAF joined channel_7
Socket wxTuZuWDXAmXZapTAAAF joined channel_2
Socket wxTuZuWDXAmXZapTAAAF joined channel_1
Socket wxTuZuWDXAmXZapTAAAF joined channel_8
Socket wxTuZuWDXAmXZapTAAAF joined channel_7
Socket wxTuZuWDXAmXZapTAAAF joined channel_2
Socket wxTuZuWDXAmXZapTAAAF joined channel_1
Socket wxTuZuWDXAmXZapTAAAF joined channel_8
Socket wxTuZuWDXAmXZapTAAAF joined channel_7
Socket wxTuZuWDXAmXZapTAAAF joined channel_2
Socket wxTuZuWDXAmXZapTAAAF joined channel_1
Socket ofwjHuS3men7_oQiAAAH joined channel_8
Socket ofwjHuS3men7_oQiAAAH joined channel_7
Socket ofwjHuS3men7_oQiAAAH joined channel_2
Socket ofwjHuS3men7_oQiAAAH joined channel_1
Socket 42wOx8bMmtbCezHmAAAJ joined channel_8
Socket 42wOx8bMmtbCezHmAAAJ joined channel_7
Socket 42wOx8bMmtbCezHmAAAJ joined channel_2
Socket 42wOx8bMmtbCezHmAAAJ joined channel_1
Socket ck-sFRKWtduGTygXAAAM joined channel_8
Socket ck-sFRKWtduGTygXAAAM joined channel_7
Socket ck-sFRKWtduGTygXAAAM joined channel_2
Socket ck-sFRKWtduGTygXAAAM joined channel_1
Socket FLftX-ad1EwUF66_AAAN joined channel_8
Socket FLftX-ad1EwUF66_AAAN joined channel_7
Socket FLftX-ad1EwUF66_AAAN joined channel_2
Socket FLftX-ad1EwUF66_AAAN joined channel_1
Socket zVz0szXUlbAjxPWvAAAP joined channel_8
Socket zVz0szXUlbAjxPWvAAAP joined channel_7
Socket zVz0szXUlbAjxPWvAAAP joined channel_2
Socket zVz0szXUlbAjxPWvAAAP joined channel_1
Socket yfWYoO-9QBxGEjH0AAAR joined channel_8
Socket yfWYoO-9QBxGEjH0AAAR joined channel_7
Socket yfWYoO-9QBxGEjH0AAAR joined channel_2
Socket yfWYoO-9QBxGEjH0AAAR joined channel_1
Socket YRdx0STdy4iXnKUGAAAT joined channel_8
Socket YRdx0STdy4iXnKUGAAAT joined channel_7
Socket YRdx0STdy4iXnKUGAAAT joined channel_2
Socket YRdx0STdy4iXnKUGAAAT joined channel_1
Socket PE9piVUET-rIfCd8AAAV joined channel_8
Socket PE9piVUET-rIfCd8AAAV joined channel_7
Socket PE9piVUET-rIfCd8AAAV joined channel_2
Socket PE9piVUET-rIfCd8AAAV joined channel_1
Socket PE9piVUET-rIfCd8AAAV joined channel_8
Socket PE9piVUET-rIfCd8AAAV joined channel_7
Socket PE9piVUET-rIfCd8AAAV joined channel_2
Socket PE9piVUET-rIfCd8AAAV joined channel_1
Socket YRdx0STdy4iXnKUGAAAT joined channel_8
Socket YRdx0STdy4iXnKUGAAAT joined channel_7
Socket YRdx0STdy4iXnKUGAAAT joined channel_2
Socket YRdx0STdy4iXnKUGAAAT joined channel_1
Socket PE9piVUET-rIfCd8AAAV joined channel_8
Socket PE9piVUET-rIfCd8AAAV joined channel_7
Socket PE9piVUET-rIfCd8AAAV joined channel_2
Socket PE9piVUET-rIfCd8AAAV joined channel_1
Socket 8aITO1LwIxn8RPyxAAAX joined channel_8
Socket 8aITO1LwIxn8RPyxAAAX joined channel_7
Socket 8aITO1LwIxn8RPyxAAAX joined channel_2
Socket 8aITO1LwIxn8RPyxAAAX joined channel_1
Socket m5ttWIJ-VOJQJUlRAAAZ joined channel_8
Socket m5ttWIJ-VOJQJUlRAAAZ joined channel_7
Socket m5ttWIJ-VOJQJUlRAAAZ joined channel_2
Socket m5ttWIJ-VOJQJUlRAAAZ joined channel_1
Socket 8aITO1LwIxn8RPyxAAAX joined channel_8
Socket 8aITO1LwIxn8RPyxAAAX joined channel_7
Socket 8aITO1LwIxn8RPyxAAAX joined channel_2
Socket 8aITO1LwIxn8RPyxAAAX joined channel_1
Socket m5ttWIJ-VOJQJUlRAAAZ joined channel_8
Socket m5ttWIJ-VOJQJUlRAAAZ joined channel_7
Socket m5ttWIJ-VOJQJUlRAAAZ joined channel_2
Socket m5ttWIJ-VOJQJUlRAAAZ joined channel_1
Socket m5ttWIJ-VOJQJUlRAAAZ joined channel_8
Socket m5ttWIJ-VOJQJUlRAAAZ joined channel_7
Socket m5ttWIJ-VOJQJUlRAAAZ joined channel_2
Socket m5ttWIJ-VOJQJUlRAAAZ joined channel_1
Socket m5ttWIJ-VOJQJUlRAAAZ joined channel_8
Socket m5ttWIJ-VOJQJUlRAAAZ joined channel_7
Socket m5ttWIJ-VOJQJUlRAAAZ joined channel_2
Socket m5ttWIJ-VOJQJUlRAAAZ joined channel_1
Socket m5ttWIJ-VOJQJUlRAAAZ joined channel_8
Socket m5ttWIJ-VOJQJUlRAAAZ joined channel_7
Socket m5ttWIJ-VOJQJUlRAAAZ joined channel_2
Socket m5ttWIJ-VOJQJUlRAAAZ joined channel_1
Socket m5ttWIJ-VOJQJUlRAAAZ joined channel_8
Socket m5ttWIJ-VOJQJUlRAAAZ joined channel_7
Socket m5ttWIJ-VOJQJUlRAAAZ joined channel_2
Socket m5ttWIJ-VOJQJUlRAAAZ joined channel_1
Socket m5ttWIJ-VOJQJUlRAAAZ joined channel_8
Socket m5ttWIJ-VOJQJUlRAAAZ joined channel_7
Socket m5ttWIJ-VOJQJUlRAAAZ joined channel_2
Socket m5ttWIJ-VOJQJUlRAAAZ joined channel_1
Socket m5ttWIJ-VOJQJUlRAAAZ joined channel_8
Socket m5ttWIJ-VOJQJUlRAAAZ joined channel_7
Socket m5ttWIJ-VOJQJUlRAAAZ joined channel_2
Socket m5ttWIJ-VOJQJUlRAAAZ joined channel_1
Socket m5ttWIJ-VOJQJUlRAAAZ joined channel_8
Socket m5ttWIJ-VOJQJUlRAAAZ joined channel_7
Socket m5ttWIJ-VOJQJUlRAAAZ joined channel_2
Socket m5ttWIJ-VOJQJUlRAAAZ joined channel_1
Socket m5ttWIJ-VOJQJUlRAAAZ joined channel_8
Socket m5ttWIJ-VOJQJUlRAAAZ joined channel_7
Socket m5ttWIJ-VOJQJUlRAAAZ joined channel_2
Socket m5ttWIJ-VOJQJUlRAAAZ joined channel_1
Socket m5ttWIJ-VOJQJUlRAAAZ joined channel_8
Socket m5ttWIJ-VOJQJUlRAAAZ joined channel_7
Socket m5ttWIJ-VOJQJUlRAAAZ joined channel_2
Socket m5ttWIJ-VOJQJUlRAAAZ joined channel_1
Socket m5ttWIJ-VOJQJUlRAAAZ joined channel_8
Socket m5ttWIJ-VOJQJUlRAAAZ joined channel_7
Socket m5ttWIJ-VOJQJUlRAAAZ joined channel_2
Socket m5ttWIJ-VOJQJUlRAAAZ joined channel_1
Socket m5ttWIJ-VOJQJUlRAAAZ joined channel_8
Socket m5ttWIJ-VOJQJUlRAAAZ joined channel_7
Socket m5ttWIJ-VOJQJUlRAAAZ joined channel_2
Socket m5ttWIJ-VOJQJUlRAAAZ joined channel_1
Socket m5ttWIJ-VOJQJUlRAAAZ joined channel_8
Socket m5ttWIJ-VOJQJUlRAAAZ joined channel_7
Socket m5ttWIJ-VOJQJUlRAAAZ joined channel_2
Socket m5ttWIJ-VOJQJUlRAAAZ joined channel_1
Socket m5ttWIJ-VOJQJUlRAAAZ joined channel_8
Socket m5ttWIJ-VOJQJUlRAAAZ joined channel_7
Socket m5ttWIJ-VOJQJUlRAAAZ joined channel_2
Socket m5ttWIJ-VOJQJUlRAAAZ joined channel_1
Socket m5ttWIJ-VOJQJUlRAAAZ joined channel_8
Socket m5ttWIJ-VOJQJUlRAAAZ joined channel_7
Socket m5ttWIJ-VOJQJUlRAAAZ joined channel_2
Socket m5ttWIJ-VOJQJUlRAAAZ joined channel_1
Socket VP0q0BXUblsow-HeAAAB joined channel_8
Socket VP0q0BXUblsow-HeAAAB joined channel_7
Socket VP0q0BXUblsow-HeAAAB joined channel_2
Socket VP0q0BXUblsow-HeAAAB joined channel_1
Socket AZ9lxa4uLH2uOeRcAAAD joined channel_8
Socket AZ9lxa4uLH2uOeRcAAAD joined channel_7
Socket AZ9lxa4uLH2uOeRcAAAD joined channel_2
Socket AZ9lxa4uLH2uOeRcAAAD joined channel_1
Socket wk8y4rTgWEatRQeVAAAG joined channel_8
Socket LmCT7OINh9KMBbsdAAAH joined channel_8
Socket wk8y4rTgWEatRQeVAAAG joined channel_7
Socket wk8y4rTgWEatRQeVAAAG joined channel_2
Socket wk8y4rTgWEatRQeVAAAG joined channel_1
Socket LmCT7OINh9KMBbsdAAAH joined channel_7
Socket LmCT7OINh9KMBbsdAAAH joined channel_2
Socket LmCT7OINh9KMBbsdAAAH joined channel_1
Socket _uXsTX_GRXk5mnviAAAB joined channel_8
Socket _uXsTX_GRXk5mnviAAAB joined channel_7
Socket _uXsTX_GRXk5mnviAAAB joined channel_2
Socket _uXsTX_GRXk5mnviAAAB joined channel_1
Socket wCDtUQLsFiTDYasXAAAD joined channel_8
Socket wCDtUQLsFiTDYasXAAAD joined channel_7
Socket wCDtUQLsFiTDYasXAAAD joined channel_2
Socket wCDtUQLsFiTDYasXAAAD joined channel_1
Socket wCDtUQLsFiTDYasXAAAD joined channel_8
Socket wCDtUQLsFiTDYasXAAAD joined channel_7
Socket wCDtUQLsFiTDYasXAAAD joined channel_2
Socket wCDtUQLsFiTDYasXAAAD joined channel_1
Socket wCDtUQLsFiTDYasXAAAD joined channel_8
Socket wCDtUQLsFiTDYasXAAAD joined channel_7
Socket wCDtUQLsFiTDYasXAAAD joined channel_2
Socket wCDtUQLsFiTDYasXAAAD joined channel_1
Socket _uXsTX_GRXk5mnviAAAB joined channel_8
Socket _uXsTX_GRXk5mnviAAAB joined channel_7
Socket _uXsTX_GRXk5mnviAAAB joined channel_2
Socket _uXsTX_GRXk5mnviAAAB joined channel_1
Socket _uXsTX_GRXk5mnviAAAB joined channel_8
Socket _uXsTX_GRXk5mnviAAAB joined channel_7
Socket _uXsTX_GRXk5mnviAAAB joined channel_2
Socket _uXsTX_GRXk5mnviAAAB joined channel_1
Socket wCDtUQLsFiTDYasXAAAD joined channel_8
Socket wCDtUQLsFiTDYasXAAAD joined channel_7
Socket wCDtUQLsFiTDYasXAAAD joined channel_2
Socket wCDtUQLsFiTDYasXAAAD joined channel_1
Socket wCDtUQLsFiTDYasXAAAD joined channel_8
Socket wCDtUQLsFiTDYasXAAAD joined channel_7
Socket wCDtUQLsFiTDYasXAAAD joined channel_2
Socket wCDtUQLsFiTDYasXAAAD joined channel_1
Socket _uXsTX_GRXk5mnviAAAB joined channel_8
Socket _uXsTX_GRXk5mnviAAAB joined channel_7
Socket _uXsTX_GRXk5mnviAAAB joined channel_2
Socket _uXsTX_GRXk5mnviAAAB joined channel_1
Socket _uXsTX_GRXk5mnviAAAB joined channel_8
Socket _uXsTX_GRXk5mnviAAAB joined channel_7
Socket _uXsTX_GRXk5mnviAAAB joined channel_2
Socket _uXsTX_GRXk5mnviAAAB joined channel_1
Socket wCDtUQLsFiTDYasXAAAD joined channel_8
Socket wCDtUQLsFiTDYasXAAAD joined channel_7
Socket wCDtUQLsFiTDYasXAAAD joined channel_2
Socket wCDtUQLsFiTDYasXAAAD joined channel_1
Socket wCDtUQLsFiTDYasXAAAD joined channel_8
Socket wCDtUQLsFiTDYasXAAAD joined channel_7
Socket wCDtUQLsFiTDYasXAAAD joined channel_2
Socket wCDtUQLsFiTDYasXAAAD joined channel_1
Socket wCDtUQLsFiTDYasXAAAD joined channel_8
Socket wCDtUQLsFiTDYasXAAAD joined channel_7
Socket wCDtUQLsFiTDYasXAAAD joined channel_2
Socket wCDtUQLsFiTDYasXAAAD joined channel_1
Socket wCDtUQLsFiTDYasXAAAD joined channel_8
Socket wCDtUQLsFiTDYasXAAAD joined channel_7
Socket wCDtUQLsFiTDYasXAAAD joined channel_2
Socket wCDtUQLsFiTDYasXAAAD joined channel_1
